#
# There is insufficient memory for the Java Runtime Environment to continue.
# Native memory allocation (malloc) failed to allocate 460656 bytes for Chunk::new
# Possible reasons:
#   The system is out of physical RAM or swap space
#   The process is running with CompressedOops enabled, and the Java Heap may be blocking the growth of the native heap
# Possible solutions:
#   Reduce memory load on the system
#   Increase physical memory or swap space
#   Check if swap backing store is full
#   Decrease Java heap size (-Xmx/-Xms)
#   Decrease number of Java threads
#   Decrease Java thread stack sizes (-Xss)
#   Set larger code cache with -XX:ReservedCodeCacheSize=
#   JVM is running with Unscaled Compressed Oops mode in which the Java heap is
#     placed in the first 4GB address space. The Java Heap base address is the
#     maximum limit for the native heap growth. Please use -XX:HeapBaseMinAddress
#     to set the Java Heap base and to place the Java Heap above 4GB virtual address.
# This output file may be truncated or incomplete.
#
#  Out of Memory Error (arena.cpp:189), pid=15260, tid=22796
#
# JRE version: OpenJDK Runtime Environment Temurin-17.0.6+10 (17.0.6+10) (build 17.0.6+10)
# Java VM: OpenJDK 64-Bit Server VM Temurin-17.0.6+10 (17.0.6+10, mixed mode, tiered, compressed oops, compressed class ptrs, g1 gc, windows-amd64)
# No core dump will be written. Minidumps are not enabled by default on client versions of Windows
#

---------------  S U M M A R Y ------------

Command Line: C:\Users\anupr\AppData\Local\Temp\surefire13694485287607529641\surefirebooter-20230920233634215_3.jar C:\Users\anupr\AppData\Local\Temp\surefire13694485287607529641 2023-09-20T23-36-34_047-jvmRun1 surefire-20230920233634215_1tmp surefire_0-20230920233634215_2tmp

Host: Intel(R) Core(TM) i3-10110U CPU @ 2.10GHz, 4 cores, 7G,  Windows 11 , 64 bit Build 22621 (10.0.22621.2070)
Time: Wed Sep 20 23:36:40 2023 India Standard Time elapsed time: 6.420492 seconds (0d 0h 0m 6s)

---------------  T H R E A D  ---------------

Current thread (0x000001fdffc3c340):  JavaThread "C2 CompilerThread0" daemon [_thread_in_native, id=22796, stack(0x000000f370100000,0x000000f370200000)]


Current CompileTask:
C2:   6420 2412       4       java.util.HashSet::add (20 bytes)

Stack: [0x000000f370100000,0x000000f370200000]
Native frames: (J=compiled Java code, j=interpreted, Vv=VM code, C=native code)
V  [jvm.dll+0x67741a]
V  [jvm.dll+0x834434]
V  [jvm.dll+0x835bde]
V  [jvm.dll+0x836243]
V  [jvm.dll+0x2457b5]
V  [jvm.dll+0xabafc]
V  [jvm.dll+0xac0cc]
V  [jvm.dll+0x363492]
V  [jvm.dll+0x32dda1]
V  [jvm.dll+0x32d24a]
V  [jvm.dll+0x2185f1]
V  [jvm.dll+0x217a11]
V  [jvm.dll+0x1a3d0d]
V  [jvm.dll+0x22742a]
V  [jvm.dll+0x225565]
V  [jvm.dll+0x7ea2cb]
V  [jvm.dll+0x7e483a]
V  [jvm.dll+0x6762c5]
C  [ucrtbase.dll+0x29363]
C  [KERNEL32.DLL+0x126ad]
C  [ntdll.dll+0x5aa68]


---------------  P R O C E S S  ---------------

Threads class SMR info:
_java_thread_list=0x000001fd859e0010, length=42, elements={
0x000001fde997be90, 0x000001fdff05f890, 0x000001fdff062450, 0x000001fdff08e9b0,
0x000001fdffc244f0, 0x000001fdffc26eb0, 0x000001fdffc29870, 0x000001fdffc3c340,
0x000001fdffc48240, 0x000001fdffc48c30, 0x000001fdffd9f390, 0x000001fdffdc8010,
0x000001fdfffb4470, 0x000001fdfff6c250, 0x000001fd85634240, 0x000001fd85bb8cc0,
0x000001fd85e74020, 0x000001fd85ba70c0, 0x000001fd85ba88d0, 0x000001fd85ba6720,
0x000001fd85ba8da0, 0x000001fd85ba6250, 0x000001fd85ba9270, 0x000001fd85ba9c10,
0x000001fd85ba7a60, 0x000001fd85ba6bf0, 0x000001fd85ba8400, 0x000001fd85ba9740,
0x000001fd85ba7590, 0x000001fd85ba7f30, 0x000001fd854b0810, 0x000001fd854b0ce0,
0x000001fd854b1680, 0x000001fd854af4d0, 0x000001fd854afe70, 0x000001fd854af9a0,
0x000001fd854ae660, 0x000001fd854b0340, 0x000001fd854b11b0, 0x000001fd854adcc0,
0x000001fd854ae190, 0x000001fd854aeb30
}

Java Threads: ( => current thread )
  0x000001fde997be90 JavaThread "main" [_thread_blocked, id=32736, stack(0x000000f36f400000,0x000000f36f500000)]
  0x000001fdff05f890 JavaThread "Reference Handler" daemon [_thread_blocked, id=14116, stack(0x000000f36fb00000,0x000000f36fc00000)]
  0x000001fdff062450 JavaThread "Finalizer" daemon [_thread_blocked, id=10332, stack(0x000000f36fc00000,0x000000f36fd00000)]
  0x000001fdff08e9b0 JavaThread "Signal Dispatcher" daemon [_thread_blocked, id=8488, stack(0x000000f36fd00000,0x000000f36fe00000)]
  0x000001fdffc244f0 JavaThread "Attach Listener" daemon [_thread_blocked, id=19132, stack(0x000000f36fe00000,0x000000f36ff00000)]
  0x000001fdffc26eb0 JavaThread "Service Thread" daemon [_thread_blocked, id=1216, stack(0x000000f36ff00000,0x000000f370000000)]
  0x000001fdffc29870 JavaThread "Monitor Deflation Thread" daemon [_thread_blocked, id=4652, stack(0x000000f370000000,0x000000f370100000)]
=>0x000001fdffc3c340 JavaThread "C2 CompilerThread0" daemon [_thread_in_native, id=22796, stack(0x000000f370100000,0x000000f370200000)]
  0x000001fdffc48240 JavaThread "C1 CompilerThread0" daemon [_thread_blocked, id=15548, stack(0x000000f370200000,0x000000f370300000)]
  0x000001fdffc48c30 JavaThread "Sweeper thread" daemon [_thread_blocked, id=12784, stack(0x000000f370300000,0x000000f370400000)]
  0x000001fdffd9f390 JavaThread "Notification Thread" daemon [_thread_blocked, id=33972, stack(0x000000f370400000,0x000000f370500000)]
  0x000001fdffdc8010 JavaThread "Common-Cleaner" daemon [_thread_blocked, id=24288, stack(0x000000f370600000,0x000000f370700000)]
  0x000001fdfffb4470 JavaThread "surefire-forkedjvm-stream-flusher" daemon [_thread_blocked, id=1072, stack(0x000000f370700000,0x000000f370800000)]
  0x000001fdfff6c250 JavaThread "surefire-forkedjvm-command-thread" daemon [_thread_in_native, id=4456, stack(0x000000f370800000,0x000000f370900000)]
  0x000001fd85634240 JavaThread "Forwarding newSession on session null to remote" [_thread_blocked, id=14172, stack(0x000000f370e00000,0x000000f370f00000)]
  0x000001fd85bb8cc0 JavaThread "Forwarding newSession on session null to remote" [_thread_blocked, id=12716, stack(0x000000f370f00000,0x000000f371000000)]
  0x000001fd85e74020 JavaThread "TestNG-tests-3" [_thread_in_vm, id=33372, stack(0x000000f371000000,0x000000f371100000)]
  0x000001fd85ba70c0 JavaThread "ForkJoinPool.commonPool-worker-1" daemon [_thread_blocked, id=28948, stack(0x000000f370900000,0x000000f370a00000)]
  0x000001fd85ba88d0 JavaThread "AsyncHttpClient-1-1" daemon [_thread_blocked, id=29876, stack(0x000000f371100000,0x000000f371200000)]
  0x000001fd85ba6720 JavaThread "Exec Default Executor" daemon [_thread_in_native, id=23200, stack(0x000000f371200000,0x000000f371300000)]
  0x000001fd85ba8da0 JavaThread "Exec Default Executor" daemon [_thread_in_native, id=29720, stack(0x000000f371300000,0x000000f371400000)]
  0x000001fd85ba6250 JavaThread "Exec Default Executor" daemon [_thread_in_native, id=18312, stack(0x000000f371400000,0x000000f371500000)]
  0x000001fd85ba9270 JavaThread "Exec Stream Pumper" daemon [_thread_in_native, id=29456, stack(0x000000f371500000,0x000000f371600000)]
  0x000001fd85ba9c10 JavaThread "Exec Stream Pumper" daemon [_thread_in_native, id=6732, stack(0x000000f371600000,0x000000f371700000)]
  0x000001fd85ba7a60 JavaThread "Exec Stream Pumper" daemon [_thread_in_native, id=29576, stack(0x000000f371700000,0x000000f371800000)]
  0x000001fd85ba6bf0 JavaThread "Exec Stream Pumper" daemon [_thread_in_native, id=28964, stack(0x000000f371800000,0x000000f371900000)]
  0x000001fd85ba8400 JavaThread "Exec Stream Pumper" daemon [_thread_in_native, id=32508, stack(0x000000f371900000,0x000000f371a00000)]
  0x000001fd85ba9740 JavaThread "Exec Stream Pumper" daemon [_thread_in_native, id=18276, stack(0x000000f371a00000,0x000000f371b00000)]
  0x000001fd85ba7590 JavaThread "Driver Service Executor" daemon [_thread_blocked, id=4248, stack(0x000000f371b00000,0x000000f371c00000)]
  0x000001fd85ba7f30 JavaThread "Driver Service Executor" daemon [_thread_blocked, id=32808, stack(0x000000f371c00000,0x000000f371d00000)]
  0x000001fd854b0810 JavaThread "Driver Service Executor" daemon [_thread_blocked, id=34060, stack(0x000000f371d00000,0x000000f371e00000)]
  0x000001fd854b0ce0 JavaThread "Driver Service Executor" daemon [_thread_blocked, id=10036, stack(0x000000f371e00000,0x000000f371f00000)]
  0x000001fd854b1680 JavaThread "Driver Service Executor" daemon [_thread_blocked, id=9208, stack(0x000000f371f00000,0x000000f372000000)]
  0x000001fd854af4d0 JavaThread "Driver Service Executor" daemon [_thread_blocked, id=27588, stack(0x000000f372000000,0x000000f372100000)]
  0x000001fd854afe70 JavaThread "UrlChecker-2" daemon [_thread_blocked, id=32604, stack(0x000000f372100000,0x000000f372200000)]
  0x000001fd854af9a0 JavaThread "UrlChecker-3" daemon [_thread_blocked, id=3756, stack(0x000000f372300000,0x000000f372400000)]
  0x000001fd854ae660 JavaThread "Keep-Alive-Timer" daemon [_thread_blocked, id=27096, stack(0x000000f372400000,0x000000f372500000)]
  0x000001fd854b0340 JavaThread "AsyncHttpClient-1-2" daemon [_thread_in_native, id=26912, stack(0x000000f372600000,0x000000f372700000)]
  0x000001fd854b11b0 JavaThread "AsyncHttpClient-1-4" daemon [_thread_in_native, id=2488, stack(0x000000f372700000,0x000000f372800000)]
  0x000001fd854adcc0 JavaThread "AsyncHttpClient-1-3" daemon [_thread_in_native, id=32844, stack(0x000000f372800000,0x000000f372900000)]
  0x000001fd854ae190 JavaThread "AsyncHttpClient-1-5" daemon [_thread_in_native, id=13672, stack(0x000000f372500000,0x000000f372600000)]
  0x000001fd854aeb30 JavaThread "AsyncHttpClient-1-6" daemon [_thread_in_native, id=25064, stack(0x000000f372900000,0x000000f372a00000)]

Other Threads:
  0x000001fdff05c150 VMThread "VM Thread" [stack: 0x000000f36fa00000,0x000000f36fb00000] [id=20136]
  0x000001fdff07e2f0 WatcherThread [stack: 0x000000f370500000,0x000000f370600000] [id=10216]
  0x000001fde99d5940 GCTaskThread "GC Thread#0" [stack: 0x000000f36f500000,0x000000f36f600000] [id=31956]
  0x000001fd843e36d0 GCTaskThread "GC Thread#1" [stack: 0x000000f370a00000,0x000000f370b00000] [id=15452]
  0x000001fd843e3980 GCTaskThread "GC Thread#2" [stack: 0x000000f370b00000,0x000000f370c00000] [id=32908]
  0x000001fd846c3480 GCTaskThread "GC Thread#3" [stack: 0x000000f370c00000,0x000000f370d00000] [id=30440]
  0x000001fde99e74f0 ConcurrentGCThread "G1 Main Marker" [stack: 0x000000f36f600000,0x000000f36f700000] [id=34080]
  0x000001fde99e8db0 ConcurrentGCThread "G1 Conc#0" [stack: 0x000000f36f700000,0x000000f36f800000] [id=10740]
  0x000001fde9a3dbf0 ConcurrentGCThread "G1 Refine#0" [stack: 0x000000f36f800000,0x000000f36f900000] [id=34392]
  0x000001fd846c3730 ConcurrentGCThread "G1 Refine#1" [stack: 0x000000f370d00000,0x000000f370e00000] [id=28904]
  0x000001fde9a3e4b0 ConcurrentGCThread "G1 Service" [stack: 0x000000f36f900000,0x000000f36fa00000] [id=23216]

Threads with active compile tasks:
C2 CompilerThread0     6443 2412       4       java.util.HashSet::add (20 bytes)

VM state: not at safepoint (normal execution)

VM Mutex/Monitor currently owned by a thread:  ([mutex/lock_event])
[0x000001fde99781a0] MethodCompileQueue_lock - owner thread: 0x000001fd85e74020

Heap address: 0x0000000082800000, size: 2008 MB, Compressed Oops mode: 32-bit

CDS archive(s) not mapped
Compressed class space mapped at: 0x0000000100000000-0x0000000140000000, reserved size: 1073741824
Narrow klass base: 0x0000000000000000, Narrow klass shift: 3, Narrow klass range: 0x140000000

GC Precious Log:
 CPUs: 4 total, 4 available
 Memory: 8026M
 Large Page Support: Disabled
 NUMA Support: Disabled
 Compressed Oops: Enabled (32-bit)
 Heap Region Size: 1M
 Heap Min Capacity: 8M
 Heap Initial Capacity: 126M
 Heap Max Capacity: 2008M
 Pre-touch: Disabled
 Parallel Workers: 4
 Concurrent Workers: 1
 Concurrent Refinement Workers: 4
 Periodic GC: Disabled

Heap:
 garbage-first heap   total 79872K, used 33124K [0x0000000082800000, 0x0000000100000000)
  region size 1024K, 9 young (9216K), 1 survivors (1024K)
 Metaspace       used 30907K, committed 31232K, reserved 1081344K
  class space    used 3547K, committed 3712K, reserved 1048576K

Heap Regions: E=young(eden), S=young(survivor), O=old, HS=humongous(starts), HC=humongous(continues), CS=collection set, F=free, OA=open archive, CA=closed archive, TAMS=top-at-mark-start (previous, next)
|   0|0x0000000082800000, 0x0000000082900000, 0x0000000082900000|100%| O|  |TAMS 0x0000000082900000, 0x0000000082900000| Untracked 
|   1|0x0000000082900000, 0x0000000082a00000, 0x0000000082a00000|100%| O|  |TAMS 0x0000000082a00000, 0x0000000082a00000| Untracked 
|   2|0x0000000082a00000, 0x0000000082b00000, 0x0000000082b00000|100%| O|  |TAMS 0x0000000082b00000, 0x0000000082b00000| Untracked 
|   3|0x0000000082b00000, 0x0000000082c00000, 0x0000000082c00000|100%| O|  |TAMS 0x0000000082c00000, 0x0000000082c00000| Untracked 
|   4|0x0000000082c00000, 0x0000000082cc3e00, 0x0000000082d00000| 76%| O|  |TAMS 0x0000000082cc3e00, 0x0000000082cc3e00| Untracked 
|   5|0x0000000082d00000, 0x0000000082e00000, 0x0000000082e00000|100%| O|  |TAMS 0x0000000082d00000, 0x0000000082e00000| Untracked 
|   6|0x0000000082e00000, 0x0000000082f00000, 0x0000000082f00000|100%| O|  |TAMS 0x0000000082e00000, 0x0000000082f00000| Untracked 
|   7|0x0000000082f00000, 0x0000000083000000, 0x0000000083000000|100%| O|  |TAMS 0x0000000082f00000, 0x0000000083000000| Untracked 
|   8|0x0000000083000000, 0x0000000083100000, 0x0000000083100000|100%| O|  |TAMS 0x0000000083000000, 0x0000000083100000| Untracked 
|   9|0x0000000083100000, 0x0000000083100000, 0x0000000083200000|  0%| F|  |TAMS 0x0000000083100000, 0x0000000083100000| Untracked 
|  10|0x0000000083200000, 0x0000000083200000, 0x0000000083300000|  0%| F|  |TAMS 0x0000000083200000, 0x0000000083200000| Untracked 
|  11|0x0000000083300000, 0x0000000083300000, 0x0000000083400000|  0%| F|  |TAMS 0x0000000083300000, 0x0000000083300000| Untracked 
|  12|0x0000000083400000, 0x00000000834de400, 0x0000000083500000| 86%| O|  |TAMS 0x0000000083400000, 0x000000008344b400| Untracked 
|  13|0x0000000083500000, 0x0000000083600000, 0x0000000083600000|100%|HS|  |TAMS 0x0000000083500000, 0x0000000083600000| Complete 
|  14|0x0000000083600000, 0x0000000083700000, 0x0000000083700000|100%|HC|  |TAMS 0x0000000083600000, 0x0000000083700000| Complete 
|  15|0x0000000083700000, 0x0000000083800000, 0x0000000083800000|100%|HC|  |TAMS 0x0000000083700000, 0x0000000083800000| Complete 
|  16|0x0000000083800000, 0x0000000083900000, 0x0000000083900000|100%|HC|  |TAMS 0x0000000083800000, 0x0000000083900000| Complete 
|  17|0x0000000083900000, 0x0000000083a00000, 0x0000000083a00000|100%|HC|  |TAMS 0x0000000083900000, 0x0000000083a00000| Complete 
|  18|0x0000000083a00000, 0x0000000083b00000, 0x0000000083b00000|100%|HS|  |TAMS 0x0000000083a00000, 0x0000000083b00000| Complete 
|  19|0x0000000083b00000, 0x0000000083c00000, 0x0000000083c00000|100%|HC|  |TAMS 0x0000000083b00000, 0x0000000083c00000| Complete 
|  20|0x0000000083c00000, 0x0000000083d00000, 0x0000000083d00000|100%|HC|  |TAMS 0x0000000083c00000, 0x0000000083d00000| Complete 
|  21|0x0000000083d00000, 0x0000000083e00000, 0x0000000083e00000|100%|HC|  |TAMS 0x0000000083d00000, 0x0000000083e00000| Complete 
|  22|0x0000000083e00000, 0x0000000083f00000, 0x0000000083f00000|100%|HC|  |TAMS 0x0000000083e00000, 0x0000000083f00000| Complete 
|  23|0x0000000083f00000, 0x0000000084000000, 0x0000000084000000|100%|HS|  |TAMS 0x0000000083f00000, 0x0000000083f00000| Complete 
|  24|0x0000000084000000, 0x0000000084100000, 0x0000000084100000|100%|HC|  |TAMS 0x0000000084000000, 0x0000000084000000| Complete 
|  25|0x0000000084100000, 0x0000000084200000, 0x0000000084200000|100%|HC|  |TAMS 0x0000000084100000, 0x0000000084100000| Complete 
|  26|0x0000000084200000, 0x0000000084300000, 0x0000000084300000|100%|HC|  |TAMS 0x0000000084200000, 0x0000000084200000| Complete 
|  27|0x0000000084300000, 0x0000000084400000, 0x0000000084400000|100%|HC|  |TAMS 0x0000000084300000, 0x0000000084300000| Complete 
|  28|0x0000000084400000, 0x0000000084400000, 0x0000000084500000|  0%| F|  |TAMS 0x0000000084400000, 0x0000000084400000| Untracked 
|  29|0x0000000084500000, 0x0000000084500000, 0x0000000084600000|  0%| F|  |TAMS 0x0000000084500000, 0x0000000084500000| Untracked 
|  30|0x0000000084600000, 0x0000000084600000, 0x0000000084700000|  0%| F|  |TAMS 0x0000000084600000, 0x0000000084600000| Untracked 
|  31|0x0000000084700000, 0x0000000084700000, 0x0000000084800000|  0%| F|  |TAMS 0x0000000084700000, 0x0000000084700000| Untracked 
|  32|0x0000000084800000, 0x0000000084800000, 0x0000000084900000|  0%| F|  |TAMS 0x0000000084800000, 0x0000000084800000| Untracked 
|  33|0x0000000084900000, 0x0000000084900000, 0x0000000084a00000|  0%| F|  |TAMS 0x0000000084900000, 0x0000000084900000| Untracked 
|  34|0x0000000084a00000, 0x0000000084a00000, 0x0000000084b00000|  0%| F|  |TAMS 0x0000000084a00000, 0x0000000084a00000| Untracked 
|  35|0x0000000084b00000, 0x0000000084b00000, 0x0000000084c00000|  0%| F|  |TAMS 0x0000000084b00000, 0x0000000084b00000| Untracked 
|  36|0x0000000084c00000, 0x0000000084c00000, 0x0000000084d00000|  0%| F|  |TAMS 0x0000000084c00000, 0x0000000084c00000| Untracked 
|  37|0x0000000084d00000, 0x0000000084d00000, 0x0000000084e00000|  0%| F|  |TAMS 0x0000000084d00000, 0x0000000084d00000| Untracked 
|  38|0x0000000084e00000, 0x0000000084e00000, 0x0000000084f00000|  0%| F|  |TAMS 0x0000000084e00000, 0x0000000084e00000| Untracked 
|  39|0x0000000084f00000, 0x0000000084f00000, 0x0000000085000000|  0%| F|  |TAMS 0x0000000084f00000, 0x0000000084f00000| Untracked 
|  40|0x0000000085000000, 0x0000000085000000, 0x0000000085100000|  0%| F|  |TAMS 0x0000000085000000, 0x0000000085000000| Untracked 
|  41|0x0000000085100000, 0x0000000085100000, 0x0000000085200000|  0%| F|  |TAMS 0x0000000085100000, 0x0000000085100000| Untracked 
|  42|0x0000000085200000, 0x0000000085200000, 0x0000000085300000|  0%| F|  |TAMS 0x0000000085200000, 0x0000000085200000| Untracked 
|  43|0x0000000085300000, 0x0000000085300000, 0x0000000085400000|  0%| F|  |TAMS 0x0000000085300000, 0x0000000085300000| Untracked 
|  44|0x0000000085400000, 0x0000000085400000, 0x0000000085500000|  0%| F|  |TAMS 0x0000000085400000, 0x0000000085400000| Untracked 
|  45|0x0000000085500000, 0x0000000085500000, 0x0000000085600000|  0%| F|  |TAMS 0x0000000085500000, 0x0000000085500000| Untracked 
|  46|0x0000000085600000, 0x0000000085600000, 0x0000000085700000|  0%| F|  |TAMS 0x0000000085600000, 0x0000000085600000| Untracked 
|  47|0x0000000085700000, 0x0000000085700000, 0x0000000085800000|  0%| F|  |TAMS 0x0000000085700000, 0x0000000085700000| Untracked 
|  48|0x0000000085800000, 0x0000000085800000, 0x0000000085900000|  0%| F|  |TAMS 0x0000000085800000, 0x0000000085800000| Untracked 
|  49|0x0000000085900000, 0x0000000085900000, 0x0000000085a00000|  0%| F|  |TAMS 0x0000000085900000, 0x0000000085900000| Untracked 
|  50|0x0000000085a00000, 0x0000000085a00000, 0x0000000085b00000|  0%| F|  |TAMS 0x0000000085a00000, 0x0000000085a00000| Untracked 
|  51|0x0000000085b00000, 0x0000000085b00000, 0x0000000085c00000|  0%| F|  |TAMS 0x0000000085b00000, 0x0000000085b00000| Untracked 
|  52|0x0000000085c00000, 0x0000000085c00000, 0x0000000085d00000|  0%| F|  |TAMS 0x0000000085c00000, 0x0000000085c00000| Untracked 
|  53|0x0000000085d00000, 0x0000000085d00000, 0x0000000085e00000|  0%| F|  |TAMS 0x0000000085d00000, 0x0000000085d00000| Untracked 
|  54|0x0000000085e00000, 0x0000000085e00000, 0x0000000085f00000|  0%| F|  |TAMS 0x0000000085e00000, 0x0000000085e00000| Untracked 
|  55|0x0000000085f00000, 0x0000000085f00000, 0x0000000086000000|  0%| F|  |TAMS 0x0000000085f00000, 0x0000000085f00000| Untracked 
|  56|0x0000000086000000, 0x0000000086000000, 0x0000000086100000|  0%| F|  |TAMS 0x0000000086000000, 0x0000000086000000| Untracked 
|  57|0x0000000086100000, 0x0000000086100000, 0x0000000086200000|  0%| F|  |TAMS 0x0000000086100000, 0x0000000086100000| Untracked 
|  58|0x0000000086200000, 0x0000000086200000, 0x0000000086300000|  0%| F|  |TAMS 0x0000000086200000, 0x0000000086200000| Untracked 
|  59|0x0000000086300000, 0x0000000086300000, 0x0000000086400000|  0%| F|  |TAMS 0x0000000086300000, 0x0000000086300000| Untracked 
|  60|0x0000000086400000, 0x0000000086400000, 0x0000000086500000|  0%| F|  |TAMS 0x0000000086400000, 0x0000000086400000| Untracked 
|  61|0x0000000086500000, 0x0000000086500000, 0x0000000086600000|  0%| F|  |TAMS 0x0000000086500000, 0x0000000086500000| Untracked 
|  62|0x0000000086600000, 0x0000000086600000, 0x0000000086700000|  0%| F|  |TAMS 0x0000000086600000, 0x0000000086600000| Untracked 
|  63|0x0000000086700000, 0x0000000086700000, 0x0000000086800000|  0%| F|  |TAMS 0x0000000086700000, 0x0000000086700000| Untracked 
|  64|0x0000000086800000, 0x0000000086800000, 0x0000000086900000|  0%| F|  |TAMS 0x0000000086800000, 0x0000000086800000| Untracked 
|  65|0x0000000086900000, 0x0000000086900000, 0x0000000086a00000|  0%| F|  |TAMS 0x0000000086900000, 0x0000000086900000| Untracked 
|  66|0x0000000086a00000, 0x0000000086a00000, 0x0000000086b00000|  0%| F|  |TAMS 0x0000000086a00000, 0x0000000086a00000| Untracked 
|  67|0x0000000086b00000, 0x0000000086b00000, 0x0000000086c00000|  0%| F|  |TAMS 0x0000000086b00000, 0x0000000086b00000| Untracked 
|  68|0x0000000086c00000, 0x0000000086c00000, 0x0000000086d00000|  0%| F|  |TAMS 0x0000000086c00000, 0x0000000086c00000| Untracked 
|  69|0x0000000086d00000, 0x0000000086dd87e0, 0x0000000086e00000| 84%| E|  |TAMS 0x0000000086d00000, 0x0000000086d00000| Complete 
|  70|0x0000000086e00000, 0x0000000086f00000, 0x0000000086f00000|100%| E|CS|TAMS 0x0000000086e00000, 0x0000000086e00000| Complete 
|  71|0x0000000086f00000, 0x0000000087000000, 0x0000000087000000|100%| E|CS|TAMS 0x0000000086f00000, 0x0000000086f00000| Complete 
|  72|0x0000000087000000, 0x0000000087100000, 0x0000000087100000|100%| E|CS|TAMS 0x0000000087000000, 0x0000000087000000| Complete 
|  73|0x0000000087100000, 0x0000000087200000, 0x0000000087200000|100%| E|CS|TAMS 0x0000000087100000, 0x0000000087100000| Complete 
| 103|0x0000000088f00000, 0x0000000089000000, 0x0000000089000000|100%| E|CS|TAMS 0x0000000088f00000, 0x0000000088f00000| Complete 
| 104|0x0000000089000000, 0x0000000089100000, 0x0000000089100000|100%| E|CS|TAMS 0x0000000089000000, 0x0000000089000000| Complete 
| 105|0x0000000089100000, 0x00000000891b71e0, 0x0000000089200000| 71%| S|CS|TAMS 0x0000000089100000, 0x0000000089100000| Complete 
| 125|0x000000008a500000, 0x000000008a600000, 0x000000008a600000|100%| E|CS|TAMS 0x000000008a500000, 0x000000008a500000| Complete 

Card table byte_map: [0x000001fdfc420000,0x000001fdfc810000] _byte_map_base: 0x000001fdfc00c000

Marking Bits (Prev, Next): (CMBitMap*) 0x000001fde99d6fa0, (CMBitMap*) 0x000001fde99d6f60
 Prev Bits: [0x000001fd80000000, 0x000001fd81f60000)
 Next Bits: [0x000001fdfcc00000, 0x000001fdfeb60000)

Polling page: 0x000001fde7890000

Metaspace:

Usage:
  Non-class:     26.72 MB used.
      Class:      3.46 MB used.
       Both:     30.18 MB used.

Virtual space:
  Non-class space:       32.00 MB reserved,      26.88 MB ( 84%) committed,  4 nodes.
      Class space:        1.00 GB reserved,       3.62 MB ( <1%) committed,  1 nodes.
             Both:        1.03 GB reserved,      30.50 MB (  3%) committed. 

Chunk freelists:
   Non-Class:  912.00 KB
       Class:  368.00 KB
        Both:  1.25 MB

MaxMetaspaceSize: unlimited
CompressedClassSpaceSize: 1.00 GB
Initial GC threshold: 21.00 MB
Current GC threshold: 35.12 MB
CDS: off
MetaspaceReclaimPolicy: balanced
 - commit_granule_bytes: 65536.
 - commit_granule_words: 8192.
 - virtual_space_node_default_size: 1048576.
 - enlarge_chunks_in_place: 1.
 - new_chunks_are_fully_committed: 0.
 - uncommit_free_chunks: 1.
 - use_allocation_guard: 0.
 - handle_deallocations: 1.


Internal statistics:

num_allocs_failed_limit: 3.
num_arena_births: 354.
num_arena_deaths: 0.
num_vsnodes_births: 5.
num_vsnodes_deaths: 0.
num_space_committed: 488.
num_space_uncommitted: 0.
num_chunks_returned_to_freelist: 3.
num_chunks_taken_from_freelist: 950.
num_chunk_merges: 0.
num_chunk_splits: 639.
num_chunks_enlarged: 456.
num_purges: 0.
num_inconsistent_stats: 0.

CodeHeap 'non-profiled nmethods': size=120000Kb used=1076Kb max_used=1076Kb free=118923Kb
 bounds [0x000001fdf4b00000, 0x000001fdf4d70000, 0x000001fdfc030000]
CodeHeap 'profiled nmethods': size=120000Kb used=4666Kb max_used=4666Kb free=115333Kb
 bounds [0x000001fded030000, 0x000001fded4c0000, 0x000001fdf4560000]
CodeHeap 'non-nmethods': size=5760Kb used=1278Kb max_used=1350Kb free=4481Kb
 bounds [0x000001fdf4560000, 0x000001fdf47d0000, 0x000001fdf4b00000]
 total_blobs=3041 nmethods=2443 adapters=510
 compilation: enabled
              stopped_count=0, restarted_count=0
 full_count=0

Compilation events (20 events):
Event: 6.400 Thread 0x000001fdffc48240 2440       3       java.util.Locale::hasExtensions (13 bytes)
Event: 6.400 Thread 0x000001fdffc48240 nmethod 2440 0x000001fded4bb910 code [0x000001fded4bbaa0, 0x000001fded4bbc18]
Event: 6.400 Thread 0x000001fdffc3c340 nmethod 2422 0x000001fdf4c0c290 code [0x000001fdf4c0c400, 0x000001fdf4c0c498]
Event: 6.400 Thread 0x000001fdffc3c340 2431       4       java.nio.HeapByteBuffer::put (16 bytes)
Event: 6.401 Thread 0x000001fdffc48240 2441       3       java.util.regex.Matcher::end (67 bytes)
Event: 6.401 Thread 0x000001fdffc3c340 nmethod 2431 0x000001fdf4c0c590 code [0x000001fdf4c0c700, 0x000001fdf4c0c7f8]
Event: 6.401 Thread 0x000001fdffc3c340 2432       4       java.nio.StringCharBuffer::get (19 bytes)
Event: 6.401 Thread 0x000001fdffc48240 nmethod 2441 0x000001fded4bbc90 code [0x000001fded4bbee0, 0x000001fded4bc708]
Event: 6.401 Thread 0x000001fdffc48240 2442       1       java.util.Formatter$FormatSpecifier::index (5 bytes)
Event: 6.401 Thread 0x000001fdffc48240 nmethod 2442 0x000001fdf4c0c910 code [0x000001fdf4c0caa0, 0x000001fdf4c0cb78]
Event: 6.403 Thread 0x000001fdffc3c340 nmethod 2432 0x000001fdf4c0cc10 code [0x000001fdf4c0cda0, 0x000001fdf4c0cf08]
Event: 6.403 Thread 0x000001fdffc3c340 2412       4       java.util.HashSet::add (20 bytes)
Event: 6.405 Thread 0x000001fdffc48240 2443       3       java.lang.StackStreamFactory$FrameBuffer::isEmpty (32 bytes)
Event: 6.406 Thread 0x000001fdffc48240 nmethod 2443 0x000001fded4bca90 code [0x000001fded4bcc20, 0x000001fded4bcdf8]
Event: 6.406 Thread 0x000001fdffc48240 2444       3       java.util.regex.Pattern$BmpCharPropertyGreedy::match (89 bytes)
Event: 6.406 Thread 0x000001fdffc48240 nmethod 2444 0x000001fded4bce90 code [0x000001fded4bd080, 0x000001fded4bd6c8]
Event: 6.406 Thread 0x000001fdffc48240 2445       1       java.util.Formatter$FixedString::index (3 bytes)
Event: 6.406 Thread 0x000001fdffc48240 nmethod 2445 0x000001fdf4c0d090 code [0x000001fdf4c0d220, 0x000001fdf4c0d2f8]
Event: 6.407 Thread 0x000001fdffc48240 2446       3       sun.net.www.ParseUtil::firstEncodeIndex (86 bytes)
Event: 6.408 Thread 0x000001fdffc48240 nmethod 2446 0x000001fded4bd910 code [0x000001fded4bdb60, 0x000001fded4be588]

GC Heap History (14 events):
Event: 0.430 GC heap before
{Heap before GC invocations=0 (full 0):
 garbage-first heap   total 129024K, used 12288K [0x0000000082800000, 0x0000000100000000)
  region size 1024K, 13 young (13312K), 0 survivors (0K)
 Metaspace       used 11682K, committed 11776K, reserved 1064960K
  class space    used 1086K, committed 1152K, reserved 1048576K
}
Event: 0.438 GC heap after
{Heap after GC invocations=1 (full 0):
 garbage-first heap   total 129024K, used 4814K [0x0000000082800000, 0x0000000100000000)
  region size 1024K, 2 young (2048K), 2 survivors (2048K)
 Metaspace       used 11682K, committed 11776K, reserved 1064960K
  class space    used 1086K, committed 1152K, reserved 1048576K
}
Event: 0.840 GC heap before
{Heap before GC invocations=1 (full 0):
 garbage-first heap   total 129024K, used 15054K [0x0000000082800000, 0x0000000100000000)
  region size 1024K, 12 young (12288K), 2 survivors (2048K)
 Metaspace       used 15349K, committed 15616K, reserved 1064960K
  class space    used 1507K, committed 1600K, reserved 1048576K
}
Event: 0.844 GC heap after
{Heap after GC invocations=2 (full 0):
 garbage-first heap   total 129024K, used 5809K [0x0000000082800000, 0x0000000100000000)
  region size 1024K, 1 young (1024K), 1 survivors (1024K)
 Metaspace       used 15349K, committed 15616K, reserved 1064960K
  class space    used 1507K, committed 1600K, reserved 1048576K
}
Event: 2.948 GC heap before
{Heap before GC invocations=2 (full 0):
 garbage-first heap   total 129024K, used 24241K [0x0000000082800000, 0x0000000100000000)
  region size 1024K, 20 young (20480K), 1 survivors (1024K)
 Metaspace       used 21255K, committed 21504K, reserved 1073152K
  class space    used 2296K, committed 2432K, reserved 1048576K
}
Event: 2.952 GC heap after
{Heap after GC invocations=3 (full 0):
 garbage-first heap   total 129024K, used 7346K [0x0000000082800000, 0x0000000100000000)
  region size 1024K, 3 young (3072K), 3 survivors (3072K)
 Metaspace       used 21255K, committed 21504K, reserved 1073152K
  class space    used 2296K, committed 2432K, reserved 1048576K
}
Event: 3.358 GC heap before
{Heap before GC invocations=4 (full 0):
 garbage-first heap   total 30720K, used 21682K [0x0000000082800000, 0x0000000100000000)
  region size 1024K, 18 young (18432K), 3 survivors (3072K)
 Metaspace       used 25693K, committed 26048K, reserved 1073152K
  class space    used 2812K, committed 3008K, reserved 1048576K
}
Event: 3.363 GC heap after
{Heap after GC invocations=5 (full 0):
 garbage-first heap   total 30720K, used 9249K [0x0000000082800000, 0x0000000100000000)
  region size 1024K, 3 young (3072K), 3 survivors (3072K)
 Metaspace       used 25693K, committed 26048K, reserved 1073152K
  class space    used 2812K, committed 3008K, reserved 1048576K
}
Event: 3.683 GC heap before
{Heap before GC invocations=5 (full 0):
 garbage-first heap   total 30720K, used 18465K [0x0000000082800000, 0x0000000100000000)
  region size 1024K, 13 young (13312K), 3 survivors (3072K)
 Metaspace       used 28193K, committed 28544K, reserved 1081344K
  class space    used 3151K, committed 3328K, reserved 1048576K
}
Event: 3.688 GC heap after
{Heap after GC invocations=6 (full 0):
 garbage-first heap   total 30720K, used 10239K [0x0000000082800000, 0x0000000100000000)
  region size 1024K, 1 young (1024K), 1 survivors (1024K)
 Metaspace       used 28193K, committed 28544K, reserved 1081344K
  class space    used 3151K, committed 3328K, reserved 1048576K
}
Event: 3.807 GC heap before
{Heap before GC invocations=6 (full 0):
 garbage-first heap   total 30720K, used 13311K [0x0000000082800000, 0x0000000100000000)
  region size 1024K, 6 young (6144K), 1 survivors (1024K)
 Metaspace       used 29291K, committed 29696K, reserved 1081344K
  class space    used 3311K, committed 3520K, reserved 1048576K
}
Event: 3.810 GC heap after
{Heap after GC invocations=7 (full 0):
 garbage-first heap   total 30720K, used 10523K [0x0000000082800000, 0x0000000100000000)
  region size 1024K, 2 young (2048K), 2 survivors (2048K)
 Metaspace       used 29291K, committed 29696K, reserved 1081344K
  class space    used 3311K, committed 3520K, reserved 1048576K
}
Event: 3.811 GC heap before
{Heap before GC invocations=7 (full 0):
 garbage-first heap   total 30720K, used 20763K [0x0000000082800000, 0x0000000100000000)
  region size 1024K, 3 young (3072K), 2 survivors (2048K)
 Metaspace       used 29291K, committed 29696K, reserved 1081344K
  class space    used 3311K, committed 3520K, reserved 1048576K
}
Event: 3.812 GC heap after
{Heap after GC invocations=8 (full 0):
 garbage-first heap   total 79872K, used 20836K [0x0000000082800000, 0x0000000100000000)
  region size 1024K, 1 young (1024K), 1 survivors (1024K)
 Metaspace       used 29291K, committed 29696K, reserved 1081344K
  class space    used 3311K, committed 3520K, reserved 1048576K
}

Dll operation events (9 events):
Event: 0.006 Loaded shared library C:\Users\anupr\.p2\pool\plugins\org.eclipse.justj.openjdk.hotspot.jre.full.win32.x86_64_17.0.6.v20230204-1729\jre\bin\java.dll
Event: 0.079 Loaded shared library C:\Users\anupr\.p2\pool\plugins\org.eclipse.justj.openjdk.hotspot.jre.full.win32.x86_64_17.0.6.v20230204-1729\jre\bin\net.dll
Event: 0.080 Loaded shared library C:\Users\anupr\.p2\pool\plugins\org.eclipse.justj.openjdk.hotspot.jre.full.win32.x86_64_17.0.6.v20230204-1729\jre\bin\nio.dll
Event: 0.087 Loaded shared library C:\Users\anupr\.p2\pool\plugins\org.eclipse.justj.openjdk.hotspot.jre.full.win32.x86_64_17.0.6.v20230204-1729\jre\bin\zip.dll
Event: 0.155 Loaded shared library C:\Users\anupr\.p2\pool\plugins\org.eclipse.justj.openjdk.hotspot.jre.full.win32.x86_64_17.0.6.v20230204-1729\jre\bin\management.dll
Event: 0.160 Loaded shared library C:\Users\anupr\.p2\pool\plugins\org.eclipse.justj.openjdk.hotspot.jre.full.win32.x86_64_17.0.6.v20230204-1729\jre\bin\management_ext.dll
Event: 0.181 Loaded shared library C:\Users\anupr\.p2\pool\plugins\org.eclipse.justj.openjdk.hotspot.jre.full.win32.x86_64_17.0.6.v20230204-1729\jre\bin\jimage.dll
Event: 0.337 Loaded shared library C:\Users\anupr\.p2\pool\plugins\org.eclipse.justj.openjdk.hotspot.jre.full.win32.x86_64_17.0.6.v20230204-1729\jre\bin\verify.dll
Event: 3.110 Loaded shared library C:\Users\anupr\.p2\pool\plugins\org.eclipse.justj.openjdk.hotspot.jre.full.win32.x86_64_17.0.6.v20230204-1729\jre\bin\sunmscapi.dll

Deoptimization events (20 events):
Event: 3.088 Thread 0x000001fd85e74020 Uncommon trap: trap_request=0xffffff45 fr.pc=0x000001fdf4bbb560 relative=0x00000000000001e0
Event: 3.088 Thread 0x000001fd85e74020 Uncommon trap: reason=unstable_if action=reinterpret pc=0x000001fdf4bbb560 method=java.util.HashMap.putVal(ILjava/lang/Object;Ljava/lang/Object;ZZ)Ljava/lang/Object; @ 162 c2
Event: 3.088 Thread 0x000001fd85e74020 DEOPT PACKING pc=0x000001fdf4bbb560 sp=0x000000f3710f9030
Event: 3.088 Thread 0x000001fd85e74020 DEOPT UNPACKING pc=0x000001fdf45b69a3 sp=0x000000f3710f8fb0 mode 2
Event: 3.726 Thread 0x000001fd854b0340 Uncommon trap: trap_request=0xffffff45 fr.pc=0x000001fdf4b82a54 relative=0x0000000000000054
Event: 3.726 Thread 0x000001fd854b0340 Uncommon trap: reason=unstable_if action=reinterpret pc=0x000001fdf4b82a54 method=java.lang.CharacterData.of(I)Ljava/lang/CharacterData; @ 15 c2
Event: 3.726 Thread 0x000001fd854b0340 DEOPT PACKING pc=0x000001fdf4b82a54 sp=0x000000f3726fdbd0
Event: 3.726 Thread 0x000001fd854b0340 DEOPT UNPACKING pc=0x000001fdf45b69a3 sp=0x000000f3726fdb60 mode 2
Event: 6.230 Thread 0x000001fd85e74020 Uncommon trap: trap_request=0xffffff45 fr.pc=0x000001fdf4be38f0 relative=0x00000000000012d0
Event: 6.230 Thread 0x000001fd85e74020 Uncommon trap: reason=unstable_if action=reinterpret pc=0x000001fdf4be38f0 method=java.util.concurrent.ConcurrentHashMap.putVal(Ljava/lang/Object;Ljava/lang/Object;Z)Ljava/lang/Object; @ 231 c2
Event: 6.230 Thread 0x000001fd85e74020 DEOPT PACKING pc=0x000001fdf4be38f0 sp=0x000000f3710fd770
Event: 6.230 Thread 0x000001fd85e74020 DEOPT UNPACKING pc=0x000001fdf45b69a3 sp=0x000000f3710fd6f0 mode 2
Event: 6.407 Thread 0x000001fd85e74020 Uncommon trap: trap_request=0xffffff45 fr.pc=0x000001fdf4bb5ba0 relative=0x0000000000001440
Event: 6.407 Thread 0x000001fd85e74020 Uncommon trap: reason=unstable_if action=reinterpret pc=0x000001fdf4bb5ba0 method=sun.net.www.ParseUtil.firstEncodeIndex(Ljava/lang/String;)I @ 51 c2
Event: 6.407 Thread 0x000001fd85e74020 DEOPT PACKING pc=0x000001fdf4bb5ba0 sp=0x000000f3710f9720
Event: 6.407 Thread 0x000001fd85e74020 DEOPT UNPACKING pc=0x000001fdf45b69a3 sp=0x000000f3710f95c0 mode 2
Event: 6.407 Thread 0x000001fd85e74020 Uncommon trap: trap_request=0xffffff45 fr.pc=0x000001fdf4b6e48c relative=0x000000000000006c
Event: 6.407 Thread 0x000001fd85e74020 Uncommon trap: reason=unstable_if action=reinterpret pc=0x000001fdf4b6e48c method=sun.net.www.ParseUtil.firstEncodeIndex(Ljava/lang/String;)I @ 51 c2
Event: 6.407 Thread 0x000001fd85e74020 DEOPT PACKING pc=0x000001fdf4b6e48c sp=0x000000f3710f95e0
Event: 6.407 Thread 0x000001fd85e74020 DEOPT UNPACKING pc=0x000001fdf45b69a3 sp=0x000000f3710f9568 mode 2

Classes unloaded (0 events):
No events

Classes redefined (0 events):
No events

Internal exceptions (20 events):
Event: 3.441 Thread 0x000001fd854af9a0 Exception <a 'java/net/ConnectException'{0x000000008a57eb90}: Connection refused: no further information> (0x000000008a57eb90) 
thrown [s\src\hotspot\share\prims\jni.cpp, line 535]
Event: 3.441 Thread 0x000001fd854afe70 Exception <a 'java/net/ConnectException'{0x000000008a585e48}: Connection refused: no further information> (0x000000008a585e48) 
thrown [s\src\hotspot\share\prims\jni.cpp, line 535]
Event: 3.442 Thread 0x000001fd854af9a0 Exception <a 'java/net/SocketException'{0x000000008a57eec8}: Socket is not connected: shutdown> (0x000000008a57eec8) 
thrown [s\src\hotspot\share\prims\jni.cpp, line 535]
Event: 3.442 Thread 0x000001fd854afe70 Exception <a 'java/net/SocketException'{0x000000008a586180}: Socket is not connected: shutdown> (0x000000008a586180) 
thrown [s\src\hotspot\share\prims\jni.cpp, line 535]
Event: 3.442 Thread 0x000001fd85ba7f30 Exception <a 'java/net/ConnectException'{0x000000008a598028}: Connection refused: no further information> (0x000000008a598028) 
thrown [s\src\hotspot\share\prims\jni.cpp, line 535]
Event: 3.442 Thread 0x000001fd85ba7f30 Exception <a 'java/net/SocketException'{0x000000008a598360}: Socket is not connected: shutdown> (0x000000008a598360) 
thrown [s\src\hotspot\share\prims\jni.cpp, line 535]
Event: 3.474 Thread 0x000001fd85bb8cc0 Exception <a 'java/lang/NoSuchMethodError'{0x00000000891d4520}: 'java.lang.Object java.lang.invoke.DirectMethodHandle$Holder.newInvokeSpecial(java.lang.Object, java.lang.Object, int, int)'> (0x00000000891d4520) 
thrown [s\src\hotspot\share\interpreter\linkResolver.cpp, line 759]
Event: 3.475 Thread 0x000001fd85bb8cc0 Exception <a 'java/lang/NoSuchMethodError'{0x00000000891df250}: 'void java.lang.invoke.DirectMethodHandle$Holder.invokeStatic(java.lang.Object, java.lang.Object, int)'> (0x00000000891df250) 
thrown [s\src\hotspot\share\interpreter\linkResolver.cpp, line 759]
Event: 3.522 Thread 0x000001fd85bb8cc0 Exception <a 'java/lang/NoSuchMethodError'{0x000000008419b460}: 'int java.lang.invoke.DirectMethodHandle$Holder.invokeSpecialIFC(java.lang.Object, java.lang.Object, java.lang.Object)'> (0x000000008419b460) 
thrown [s\src\hotspot\share\interpreter\linkResolver.cpp, line 759]
Event: 3.522 Thread 0x000001fd85e74020 Exception <a 'java/lang/NoSuchMethodError'{0x0000000088f4cb88}: 'int java.lang.invoke.DirectMethodHandle$Holder.invokeSpecialIFC(java.lang.Object, java.lang.Object, java.lang.Object)'> (0x0000000088f4cb88) 
thrown [s\src\hotspot\share\interpreter\linkResolver.cpp, line 759]
Event: 3.522 Thread 0x000001fd85634240 Exception <a 'java/lang/NoSuchMethodError'{0x0000000084194c50}: 'int java.lang.invoke.DirectMethodHandle$Holder.invokeSpecialIFC(java.lang.Object, java.lang.Object, java.lang.Object)'> (0x0000000084194c50) 
thrown [s\src\hotspot\share\interpreter\linkResolver.cpp, line 759]
Event: 3.564 Thread 0x000001fd85634240 Exception <a 'java/lang/NoSuchMethodError'{0x0000000083f1f0d0}: 'java.lang.Object java.lang.invoke.DirectMethodHandle$Holder.invokeVirtual(java.lang.Object, java.lang.Object, java.lang.Object, java.lang.Object)'> (0x0000000083f1f0d0) 
thrown [s\src\hotspot\share\interpreter\linkResolver.cpp, line 759]
Event: 3.566 Thread 0x000001fd85bb8cc0 Exception <a 'java/lang/NoSuchMethodError'{0x0000000083ffbdc8}: 'java.lang.Object java.lang.invoke.DirectMethodHandle$Holder.invokeVirtual(java.lang.Object, java.lang.Object, java.lang.Object, java.lang.Object)'> (0x0000000083ffbdc8) 
thrown [s\src\hotspot\share\interpreter\linkResolver.cpp, line 759]
Event: 3.566 Thread 0x000001fd85e74020 Exception <a 'java/lang/NoSuchMethodError'{0x0000000083fe9d10}: 'java.lang.Object java.lang.invoke.DirectMethodHandle$Holder.invokeVirtual(java.lang.Object, java.lang.Object, java.lang.Object, java.lang.Object)'> (0x0000000083fe9d10) 
thrown [s\src\hotspot\share\interpreter\linkResolver.cpp, line 759]
Event: 3.601 Thread 0x000001fd85e74020 Exception <a 'java/lang/NoSuchMethodError'{0x0000000083d35a38}: 'void java.lang.invoke.DirectMethodHandle$Holder.invokeSpecial(java.lang.Object, java.lang.Object, java.lang.Object, java.lang.Object, java.lang.Object, java.lang.Object)'> (0x0000000083d35a38) 
thrown [s\src\hotspot\share\interpreter\linkResolver.cpp, line 759]
Event: 3.601 Thread 0x000001fd85634240 Exception <a 'java/lang/NoSuchMethodError'{0x0000000083d43c18}: 'void java.lang.invoke.DirectMethodHandle$Holder.invokeSpecial(java.lang.Object, java.lang.Object, java.lang.Object, java.lang.Object, java.lang.Object, java.lang.Object)'> (0x0000000083d43c18) 
thrown [s\src\hotspot\share\interpreter\linkResolver.cpp, line 759]
Event: 3.601 Thread 0x000001fd85bb8cc0 Exception <a 'java/lang/NoSuchMethodError'{0x0000000083d23508}: 'void java.lang.invoke.DirectMethodHandle$Holder.invokeSpecial(java.lang.Object, java.lang.Object, java.lang.Object, java.lang.Object, java.lang.Object, java.lang.Object)'> (0x0000000083d23508) 
thrown [s\src\hotspot\share\interpreter\linkResolver.cpp, line 759]
Event: 6.214 Thread 0x000001fd85e74020 Exception <a 'java/lang/NoSuchMethodError'{0x0000000088ff7560}: 'java.lang.Object java.lang.invoke.DirectMethodHandle$Holder.invokeSpecialIFC(java.lang.Object, java.lang.Object, java.lang.Object)'> (0x0000000088ff7560) 
thrown [s\src\hotspot\share\interpreter\linkResolver.cpp, line 759]
Event: 6.256 Thread 0x000001fd85e74020 Exception <a 'java/lang/NoSuchMethodError'{0x0000000087007118}: 'void java.lang.invoke.DirectMethodHandle$Holder.invokeSpecial(java.lang.Object, java.lang.Object, java.lang.Object, java.lang.Object, java.lang.Object)'> (0x0000000087007118) 
thrown [s\src\hotspot\share\interpreter\linkResolver.cpp, line 759]
Event: 6.366 Thread 0x000001fd854aeb30 Exception <a 'java/lang/ClassNotFoundException'{0x0000000086ff28e8}: sun/util/logging/resources/spi/loggingProvider> (0x0000000086ff28e8) 
thrown [s\src\hotspot\share\classfile\systemDictionary.cpp, line 256]

VM Operations (20 events):
Event: 2.964 Executing VM operation: G1Concurrent
Event: 2.964 Executing VM operation: G1Concurrent done
Event: 3.205 Executing VM operation: HandshakeAllThreads
Event: 3.205 Executing VM operation: HandshakeAllThreads done
Event: 3.358 Executing VM operation: G1CollectForAllocation
Event: 3.363 Executing VM operation: G1CollectForAllocation done
Event: 3.476 Executing VM operation: HandshakeAllThreads
Event: 3.476 Executing VM operation: HandshakeAllThreads done
Event: 3.477 Executing VM operation: HandshakeAllThreads
Event: 3.477 Executing VM operation: HandshakeAllThreads done
Event: 3.479 Executing VM operation: HandshakeAllThreads
Event: 3.479 Executing VM operation: HandshakeAllThreads done
Event: 3.683 Executing VM operation: G1CollectForAllocation
Event: 3.688 Executing VM operation: G1CollectForAllocation done
Event: 3.807 Executing VM operation: G1TryInitiateConcMark
Event: 3.810 Executing VM operation: G1TryInitiateConcMark done
Event: 3.810 Executing VM operation: G1TryInitiateConcMark
Event: 3.813 Executing VM operation: G1TryInitiateConcMark done
Event: 4.825 Executing VM operation: Cleanup
Event: 4.825 Executing VM operation: Cleanup done

Events (20 events):
Event: 6.366 loading class sun/util/logging/resources/logging_en
Event: 6.366 loading class sun/util/logging/resources/logging_en done
Event: 6.366 loading class sun/util/logging/resources/logging_en_IN
Event: 6.366 loading class sun/util/logging/resources/logging_en_IN done
Event: 6.366 loading class sun/util/logging/resources/logging_en_IN
Event: 6.366 loading class sun/util/logging/resources/logging_en_IN done
Event: 6.366 loading class java/util/Formatter$DateTime
Event: 6.366 loading class java/util/Formatter$DateTime done
Event: 6.367 loading class java/time/ZonedDateTime$1
Event: 6.367 loading class java/time/ZonedDateTime$1 done
Event: 6.367 loading class java/time/LocalDate$1
Event: 6.367 loading class java/time/LocalDate$1 done
Event: 6.367 loading class java/time/LocalTime$1
Event: 6.367 loading class java/time/LocalTime$1 done
Event: 6.400 loading class java/text/FieldPosition$Delegate
Event: 6.400 loading class java/text/Format$FieldDelegate
Event: 6.400 loading class java/text/Format$FieldDelegate done
Event: 6.400 loading class java/text/FieldPosition$Delegate done
Event: 6.400 loading class java/text/NumberFormat$Field
Event: 6.401 loading class java/text/NumberFormat$Field done


Dynamic libraries:
0x00007ff6c3d10000 - 0x00007ff6c3d1e000 	C:\Users\anupr\.p2\pool\plugins\org.eclipse.justj.openjdk.hotspot.jre.full.win32.x86_64_17.0.6.v20230204-1729\jre\bin\java.exe
0x00007ff8637b0000 - 0x00007ff8639c4000 	C:\WINDOWS\SYSTEM32\ntdll.dll
0x00007ff862e50000 - 0x00007ff862f14000 	C:\WINDOWS\System32\KERNEL32.DLL
0x00007ff860f80000 - 0x00007ff861324000 	C:\WINDOWS\System32\KERNELBASE.dll
0x00007ff860b90000 - 0x00007ff860ca1000 	C:\WINDOWS\System32\ucrtbase.dll
0x00007ff8581d0000 - 0x00007ff8581e9000 	C:\Users\anupr\.p2\pool\plugins\org.eclipse.justj.openjdk.hotspot.jre.full.win32.x86_64_17.0.6.v20230204-1729\jre\bin\VCRUNTIME140.dll
0x00007ff858130000 - 0x00007ff858147000 	C:\Users\anupr\.p2\pool\plugins\org.eclipse.justj.openjdk.hotspot.jre.full.win32.x86_64_17.0.6.v20230204-1729\jre\bin\jli.dll
0x00007ff863000000 - 0x00007ff8631aa000 	C:\WINDOWS\System32\USER32.dll
0x00007ff8484d0000 - 0x00007ff84875f000 	C:\WINDOWS\WinSxS\amd64_microsoft.windows.common-controls_6595b64144ccf1df_6.0.22621.2070_none_2713e6537381f706\COMCTL32.dll
0x00007ff861540000 - 0x00007ff861566000 	C:\WINDOWS\System32\win32u.dll
0x00007ff8636c0000 - 0x00007ff863767000 	C:\WINDOWS\System32\msvcrt.dll
0x00007ff863540000 - 0x00007ff863569000 	C:\WINDOWS\System32\GDI32.dll
0x00007ff860da0000 - 0x00007ff860eb9000 	C:\WINDOWS\System32\gdi32full.dll
0x00007ff8614a0000 - 0x00007ff86153a000 	C:\WINDOWS\System32\msvcp_win.dll
0x00007ff862120000 - 0x00007ff862151000 	C:\WINDOWS\System32\IMM32.DLL
0x00007ff85a440000 - 0x00007ff85a44c000 	C:\Users\anupr\.p2\pool\plugins\org.eclipse.justj.openjdk.hotspot.jre.full.win32.x86_64_17.0.6.v20230204-1729\jre\bin\vcruntime140_1.dll
0x00007ff8558f0000 - 0x00007ff855981000 	C:\Users\anupr\.p2\pool\plugins\org.eclipse.justj.openjdk.hotspot.jre.full.win32.x86_64_17.0.6.v20230204-1729\jre\bin\msvcp140.dll
0x00007ff80ddc0000 - 0x00007ff80ea07000 	C:\Users\anupr\.p2\pool\plugins\org.eclipse.justj.openjdk.hotspot.jre.full.win32.x86_64_17.0.6.v20230204-1729\jre\bin\server\jvm.dll
0x00007ff863600000 - 0x00007ff8636b0000 	C:\WINDOWS\System32\ADVAPI32.dll
0x00007ff8615e0000 - 0x00007ff861686000 	C:\WINDOWS\System32\sechost.dll
0x00007ff861790000 - 0x00007ff8618a7000 	C:\WINDOWS\System32\RPCRT4.dll
0x00007ff85a370000 - 0x00007ff85a379000 	C:\WINDOWS\SYSTEM32\WSOCK32.dll
0x00007ff861dd0000 - 0x00007ff861e41000 	C:\WINDOWS\System32\WS2_32.dll
0x00007ff85a230000 - 0x00007ff85a264000 	C:\WINDOWS\SYSTEM32\WINMM.dll
0x00007ff8582d0000 - 0x00007ff8582da000 	C:\WINDOWS\SYSTEM32\VERSION.dll
0x00007ff85fba0000 - 0x00007ff85fbb8000 	C:\WINDOWS\SYSTEM32\kernel.appcore.dll
0x00007ff85a340000 - 0x00007ff85a34a000 	C:\Users\anupr\.p2\pool\plugins\org.eclipse.justj.openjdk.hotspot.jre.full.win32.x86_64_17.0.6.v20230204-1729\jre\bin\jimage.dll
0x00007ff858d70000 - 0x00007ff858f9e000 	C:\WINDOWS\SYSTEM32\DBGHELP.DLL
0x00007ff8631b0000 - 0x00007ff86353a000 	C:\WINDOWS\System32\combase.dll
0x00007ff862c20000 - 0x00007ff862cf7000 	C:\WINDOWS\System32\OLEAUT32.dll
0x00007ff858bd0000 - 0x00007ff858c02000 	C:\WINDOWS\SYSTEM32\dbgcore.DLL
0x00007ff860d20000 - 0x00007ff860d9a000 	C:\WINDOWS\System32\bcryptPrimitives.dll
0x00007ff8581a0000 - 0x00007ff8581c5000 	C:\Users\anupr\.p2\pool\plugins\org.eclipse.justj.openjdk.hotspot.jre.full.win32.x86_64_17.0.6.v20230204-1729\jre\bin\java.dll
0x00007ff858150000 - 0x00007ff858168000 	C:\Users\anupr\.p2\pool\plugins\org.eclipse.justj.openjdk.hotspot.jre.full.win32.x86_64_17.0.6.v20230204-1729\jre\bin\zip.dll
0x00007ff862260000 - 0x00007ff862a76000 	C:\WINDOWS\System32\SHELL32.dll
0x00007ff85eb10000 - 0x00007ff85f3fa000 	C:\WINDOWS\SYSTEM32\windows.storage.dll
0x00007ff85e9d0000 - 0x00007ff85eb0e000 	C:\WINDOWS\SYSTEM32\wintypes.dll
0x00007ff861690000 - 0x00007ff861783000 	C:\WINDOWS\System32\SHCORE.dll
0x00007ff861570000 - 0x00007ff8615ce000 	C:\WINDOWS\System32\shlwapi.dll
0x00007ff860ac0000 - 0x00007ff860ae6000 	C:\WINDOWS\SYSTEM32\profapi.dll
0x00007ff857e30000 - 0x00007ff857e49000 	C:\Users\anupr\.p2\pool\plugins\org.eclipse.justj.openjdk.hotspot.jre.full.win32.x86_64_17.0.6.v20230204-1729\jre\bin\net.dll
0x00007ff859ce0000 - 0x00007ff859e17000 	C:\WINDOWS\SYSTEM32\WINHTTP.dll
0x00007ff860050000 - 0x00007ff8600b9000 	C:\WINDOWS\system32\mswsock.dll
0x00007ff8556b0000 - 0x00007ff8556c5000 	C:\Users\anupr\.p2\pool\plugins\org.eclipse.justj.openjdk.hotspot.jre.full.win32.x86_64_17.0.6.v20230204-1729\jre\bin\nio.dll
0x00007ff85aeb0000 - 0x00007ff85aeb9000 	C:\Users\anupr\.p2\pool\plugins\org.eclipse.justj.openjdk.hotspot.jre.full.win32.x86_64_17.0.6.v20230204-1729\jre\bin\management.dll
0x00007ff858220000 - 0x00007ff85822b000 	C:\Users\anupr\.p2\pool\plugins\org.eclipse.justj.openjdk.hotspot.jre.full.win32.x86_64_17.0.6.v20230204-1729\jre\bin\management_ext.dll
0x00007ff8615d0000 - 0x00007ff8615d8000 	C:\WINDOWS\System32\PSAPI.DLL
0x00007ff85a450000 - 0x00007ff85a460000 	C:\Users\anupr\.p2\pool\plugins\org.eclipse.justj.openjdk.hotspot.jre.full.win32.x86_64_17.0.6.v20230204-1729\jre\bin\verify.dll
0x00007ff8602a0000 - 0x00007ff8602bb000 	C:\WINDOWS\SYSTEM32\CRYPTSP.dll
0x00007ff85fb10000 - 0x00007ff85fb45000 	C:\WINDOWS\system32\rsaenh.dll
0x00007ff860140000 - 0x00007ff86016c000 	C:\WINDOWS\SYSTEM32\USERENV.dll
0x00007ff860440000 - 0x00007ff860468000 	C:\WINDOWS\SYSTEM32\bcrypt.dll
0x00007ff8602c0000 - 0x00007ff8602cc000 	C:\WINDOWS\SYSTEM32\CRYPTBASE.dll
0x00007ff85f690000 - 0x00007ff85f6bd000 	C:\WINDOWS\SYSTEM32\IPHLPAPI.DLL
0x00007ff861920000 - 0x00007ff861929000 	C:\WINDOWS\System32\NSI.dll
0x00007ff859b30000 - 0x00007ff859b49000 	C:\WINDOWS\SYSTEM32\dhcpcsvc6.DLL
0x00007ff859b10000 - 0x00007ff859b2f000 	C:\WINDOWS\SYSTEM32\dhcpcsvc.DLL
0x00007ff85f710000 - 0x00007ff85f803000 	C:\WINDOWS\SYSTEM32\DNSAPI.dll
0x00007ff84bb20000 - 0x00007ff84bb2a000 	C:\Windows\System32\rasadhlp.dll
0x00007ff8594e0000 - 0x00007ff859564000 	C:\WINDOWS\System32\fwpuclnt.dll
0x00007ff85e060000 - 0x00007ff85e0f7000 	C:\WINDOWS\system32\apphelp.dll
0x00007ff858110000 - 0x00007ff85811e000 	C:\Users\anupr\.p2\pool\plugins\org.eclipse.justj.openjdk.hotspot.jre.full.win32.x86_64_17.0.6.v20230204-1729\jre\bin\sunmscapi.dll
0x00007ff861330000 - 0x00007ff861497000 	C:\WINDOWS\System32\CRYPT32.dll
0x00007ff860410000 - 0x00007ff86043e000 	C:\WINDOWS\SYSTEM32\ncrypt.dll
0x00007ff8603d0000 - 0x00007ff860407000 	C:\WINDOWS\SYSTEM32\NTASN1.dll
0x00007ff858200000 - 0x00007ff858208000 	C:\WINDOWS\system32\wshunix.dll

dbghelp: loaded successfully - version: 4.0.5 - missing functions: none
symbol engine: initialized successfully - sym options: 0x614 - pdb path: .;C:\Users\anupr\.p2\pool\plugins\org.eclipse.justj.openjdk.hotspot.jre.full.win32.x86_64_17.0.6.v20230204-1729\jre\bin;C:\WINDOWS\SYSTEM32;C:\WINDOWS\WinSxS\amd64_microsoft.windows.common-controls_6595b64144ccf1df_6.0.22621.2070_none_2713e6537381f706;C:\Users\anupr\.p2\pool\plugins\org.eclipse.justj.openjdk.hotspot.jre.full.win32.x86_64_17.0.6.v20230204-1729\jre\bin\server

VM Arguments:
java_command: C:\Users\anupr\AppData\Local\Temp\surefire13694485287607529641\surefirebooter-20230920233634215_3.jar C:\Users\anupr\AppData\Local\Temp\surefire13694485287607529641 2023-09-20T23-36-34_047-jvmRun1 surefire-20230920233634215_1tmp surefire_0-20230920233634215_2tmp
java_class_path (initial): C:\Users\anupr\AppData\Local\Temp\surefire13694485287607529641\surefirebooter-20230920233634215_3.jar
Launcher Type: SUN_STANDARD

[Global flags]
     intx CICompilerCount                          = 3                                         {product} {ergonomic}
     uint ConcGCThreads                            = 1                                         {product} {ergonomic}
     uint G1ConcRefinementThreads                  = 4                                         {product} {ergonomic}
   size_t G1HeapRegionSize                         = 1048576                                   {product} {ergonomic}
    uintx GCDrainStackTargetSize                   = 64                                        {product} {ergonomic}
   size_t InitialHeapSize                          = 132120576                                 {product} {ergonomic}
   size_t MarkStackSize                            = 4194304                                   {product} {ergonomic}
   size_t MaxHeapSize                              = 2105540608                                {product} {ergonomic}
   size_t MaxNewSize                               = 1262485504                                {product} {ergonomic}
   size_t MinHeapDeltaBytes                        = 1048576                                   {product} {ergonomic}
   size_t MinHeapSize                              = 8388608                                   {product} {ergonomic}
    uintx NonNMethodCodeHeapSize                   = 5832780                                {pd product} {ergonomic}
    uintx NonProfiledCodeHeapSize                  = 122912730                              {pd product} {ergonomic}
    uintx ProfiledCodeHeapSize                     = 122912730                              {pd product} {ergonomic}
    uintx ReservedCodeCacheSize                    = 251658240                              {pd product} {ergonomic}
     bool SegmentedCodeCache                       = true                                      {product} {ergonomic}
   size_t SoftMaxHeapSize                          = 2105540608                             {manageable} {ergonomic}
     bool UseCompressedClassPointers               = true                           {product lp64_product} {ergonomic}
     bool UseCompressedOops                        = true                           {product lp64_product} {ergonomic}
     bool UseG1GC                                  = true                                      {product} {ergonomic}
     bool UseLargePagesIndividualAllocation        = false                                  {pd product} {ergonomic}

Logging:
Log output configuration:
 #0: stdout all=warning uptime,level,tags
 #1: stderr all=off uptime,level,tags

Environment Variables:
PATH=C:/Users/anupr/.p2/pool/plugins/org.eclipse.justj.openjdk.hotspot.jre.full.win32.x86_64_17.0.6.v20230204-1729/jre/bin/server;C:/Users/anupr/.p2/pool/plugins/org.eclipse.justj.openjdk.hotspot.jre.full.win32.x86_64_17.0.6.v20230204-1729/jre/bin;C:\Program Files\Common Files\Oracle\Java\javapath;C:\WINDOWS\system32;C:\WINDOWS;C:\WINDOWS\System32\Wbem;C:\WINDOWS\System32\WindowsPowerShell\v1.0\;C:\WINDOWS\System32\OpenSSH\;C:\Program Files\dotnet\;C:\Program Files\Microsoft SQL Server\130\Tools\Binn\;C:\Program Files\Microsoft SQL Server\Client SDK\ODBC\170\Tools\Binn\;C:\Program Files (x86)\Microsoft SQL Server\150\Tools\Binn\;C:\Program Files\Microsoft SQL Server\150\Tools\Binn\;C:\Program Files\Microsoft SQL Server\150\DTS\Binn\;C:\Program Files (x86)\Microsoft SQL Server\150\DTS\Binn\;C:\Program Files\nodejs\;C:\Program Files\Java\jdk-11.0.1\bin;C:\Program Files\Git\cmd;C:\Program Files\apache-maven-3.9.2\bin;;C:\Program Files\Docker\Docker\resources\bin;C:\Users\anupr\AppData\Local\Microsoft\WindowsApps;C:\Users\anupr\.dotnet\tools;C:\Program Files\Azure Data Studio\bin;C:\Users\anupr\AppData\Roaming\npm;;C:\WINDOWS\System32;
USERNAME=anupr
OS=Windows_NT
PROCESSOR_IDENTIFIER=Intel64 Family 6 Model 142 Stepping 12, GenuineIntel
TMP=C:\Users\anupr\AppData\Local\Temp
TEMP=C:\Users\anupr\AppData\Local\Temp



---------------  S Y S T E M  ---------------

OS:
 Windows 11 , 64 bit Build 22621 (10.0.22621.2070)
OS uptime: 27 days 4:54 hours
Hyper-V role detected

CPU: total 4 (initial active 4) (2 cores per cpu, 2 threads per core) family 6 model 142 stepping 12 microcode 0xec, cx8, cmov, fxsr, ht, mmx, 3dnowpref, sse, sse2, sse3, ssse3, sse4.1, sse4.2, popcnt, lzcnt, tsc, tscinvbit, avx, avx2, aes, erms, clmul, bmi1, bmi2, adx, fma, vzeroupper, clflush, clflushopt, hv

Memory: 4k page, system-wide physical 8026M (349M free)
TotalPageFile size 20526M (AvailPageFile size 1M)
current process WorkingSet (physical memory assigned to process): 144M, peak: 148M
current process commit charge ("private bytes"): 211M, peak: 240M

vm_info: OpenJDK 64-Bit Server VM (17.0.6+10) for windows-amd64 JRE (17.0.6+10), built on Jan 18 2023 10:08:59 by "temurin" with MS VC++ 16.7 (VS2019)

END.
